[2025-07-14T07:25:07.878+0000] {taskinstance.py:1125} INFO - Dependencies all met for dep_context=non-requeueable deps ti=<TaskInstance: final_project.Run_data_quality_checks manual__2025-07-14T07:22:59.067600+00:00 [queued]>
[2025-07-14T07:25:07.885+0000] {taskinstance.py:1125} INFO - Dependencies all met for dep_context=requeueable deps ti=<TaskInstance: final_project.Run_data_quality_checks manual__2025-07-14T07:22:59.067600+00:00 [queued]>
[2025-07-14T07:25:07.885+0000] {taskinstance.py:1331} INFO - Starting attempt 1 of 1
[2025-07-14T07:25:07.898+0000] {taskinstance.py:1350} INFO - Executing <Task(DataQualityOperator): Run_data_quality_checks> on 2025-07-14 07:22:59.067600+00:00
[2025-07-14T07:25:07.901+0000] {standard_task_runner.py:57} INFO - Started process 3984 to run task
[2025-07-14T07:25:07.904+0000] {standard_task_runner.py:84} INFO - Running: ['***', 'tasks', 'run', 'final_project', 'Run_data_quality_checks', 'manual__2025-07-14T07:22:59.067600+00:00', '--job-id', '119', '--raw', '--subdir', 'DAGS_FOLDER/final_project.py', '--cfg-path', '/tmp/tmp7buo0vmh']
[2025-07-14T07:25:07.905+0000] {standard_task_runner.py:85} INFO - Job 119: Subtask Run_data_quality_checks
[2025-07-14T07:25:07.946+0000] {task_command.py:410} INFO - Running <TaskInstance: final_project.Run_data_quality_checks manual__2025-07-14T07:22:59.067600+00:00 [running]> on host d7ac0fd04b06
[2025-07-14T07:25:08.030+0000] {taskinstance.py:1570} INFO - Exporting env vars: AIRFLOW_CTX_DAG_OWNER='udacity' AIRFLOW_CTX_DAG_ID='final_project' AIRFLOW_CTX_TASK_ID='Run_data_quality_checks' AIRFLOW_CTX_EXECUTION_DATE='2025-07-14T07:22:59.067600+00:00' AIRFLOW_CTX_TRY_NUMBER='1' AIRFLOW_CTX_DAG_RUN_ID='manual__2025-07-14T07:22:59.067600+00:00'
[2025-07-14T07:25:08.043+0000] {base.py:73} INFO - Using connection ID 'redshift' for task execution.
[2025-07-14T07:25:09.296+0000] {sql.py:375} INFO - Running statement: SELECT COUNT(*) FROM songplays, parameters: None
[2025-07-14T07:25:09.662+0000] {sql.py:384} INFO - Rows affected: 1
[2025-07-14T07:25:09.833+0000] {data_quality.py:36} INFO - Data quality on table songplays check passed with 6821 records
[2025-07-14T07:25:09.838+0000] {base.py:73} INFO - Using connection ID 'redshift' for task execution.
[2025-07-14T07:25:11.138+0000] {sql.py:375} INFO - Running statement: SELECT COUNT(*) FROM users, parameters: None
[2025-07-14T07:25:11.521+0000] {sql.py:384} INFO - Rows affected: 1
[2025-07-14T07:25:11.700+0000] {data_quality.py:36} INFO - Data quality on table users check passed with 104 records
[2025-07-14T07:25:11.706+0000] {base.py:73} INFO - Using connection ID 'redshift' for task execution.
[2025-07-14T07:25:12.978+0000] {sql.py:375} INFO - Running statement: SELECT COUNT(*) FROM songs, parameters: None
[2025-07-14T07:25:13.352+0000] {sql.py:384} INFO - Rows affected: 1
[2025-07-14T07:25:13.527+0000] {data_quality.py:36} INFO - Data quality on table songs check passed with 62399 records
[2025-07-14T07:25:13.533+0000] {base.py:73} INFO - Using connection ID 'redshift' for task execution.
[2025-07-14T07:25:14.888+0000] {sql.py:375} INFO - Running statement: SELECT COUNT(*) FROM artists, parameters: None
[2025-07-14T07:25:15.286+0000] {sql.py:384} INFO - Rows affected: 1
[2025-07-14T07:25:15.472+0000] {data_quality.py:36} INFO - Data quality on table artists check passed with 21754 records
[2025-07-14T07:25:15.478+0000] {base.py:73} INFO - Using connection ID 'redshift' for task execution.
[2025-07-14T07:25:16.761+0000] {sql.py:375} INFO - Running statement: SELECT COUNT(*) FROM time, parameters: None
[2025-07-14T07:25:17.139+0000] {sql.py:384} INFO - Rows affected: 1
[2025-07-14T07:25:17.319+0000] {data_quality.py:36} INFO - Data quality on table time check passed with 6821 records
[2025-07-14T07:25:17.329+0000] {taskinstance.py:1373} INFO - Marking task as SUCCESS. dag_id=final_project, task_id=Run_data_quality_checks, execution_date=20250714T072259, start_date=20250714T072507, end_date=20250714T072517
[2025-07-14T07:25:17.346+0000] {local_task_job_runner.py:232} INFO - Task exited with return code 0
[2025-07-14T07:25:17.367+0000] {taskinstance.py:2674} INFO - 0 downstream tasks scheduled from follow-on schedule check
