[2025-07-14T04:02:35.731+0000] {taskinstance.py:1125} INFO - Dependencies all met for dep_context=non-requeueable deps ti=<TaskInstance: final_project.Load_songplays_fact_table manual__2025-07-14T04:02:08.674705+00:00 [queued]>
[2025-07-14T04:02:35.746+0000] {taskinstance.py:1125} INFO - Dependencies all met for dep_context=requeueable deps ti=<TaskInstance: final_project.Load_songplays_fact_table manual__2025-07-14T04:02:08.674705+00:00 [queued]>
[2025-07-14T04:02:35.748+0000] {taskinstance.py:1331} INFO - Starting attempt 1 of 1
[2025-07-14T04:02:35.788+0000] {taskinstance.py:1350} INFO - Executing <Task(LoadFactOperator): Load_songplays_fact_table> on 2025-07-14 04:02:08.674705+00:00
[2025-07-14T04:02:35.797+0000] {standard_task_runner.py:57} INFO - Started process 2012 to run task
[2025-07-14T04:02:35.813+0000] {standard_task_runner.py:84} INFO - Running: ['***', 'tasks', 'run', 'final_project', 'Load_songplays_fact_table', 'manual__2025-07-14T04:02:08.674705+00:00', '--job-id', '102', '--raw', '--subdir', 'DAGS_FOLDER/final_project.py', '--cfg-path', '/tmp/tmptg9jefhc']
[2025-07-14T04:02:35.815+0000] {standard_task_runner.py:85} INFO - Job 102: Subtask Load_songplays_fact_table
[2025-07-14T04:02:35.893+0000] {task_command.py:410} INFO - Running <TaskInstance: final_project.Load_songplays_fact_table manual__2025-07-14T04:02:08.674705+00:00 [running]> on host d7ac0fd04b06
[2025-07-14T04:02:36.066+0000] {taskinstance.py:1570} INFO - Exporting env vars: AIRFLOW_CTX_DAG_OWNER='udacity' AIRFLOW_CTX_DAG_ID='final_project' AIRFLOW_CTX_TASK_ID='Load_songplays_fact_table' AIRFLOW_CTX_EXECUTION_DATE='2025-07-14T04:02:08.674705+00:00' AIRFLOW_CTX_TRY_NUMBER='1' AIRFLOW_CTX_DAG_RUN_ID='manual__2025-07-14T04:02:08.674705+00:00'
[2025-07-14T04:02:36.090+0000] {base.py:73} INFO - Using connection ID 'redshift' for task execution.
[2025-07-14T04:02:37.344+0000] {sql.py:375} INFO - Running statement: INSERT INTO songplays 
        SELECT
                md5(events.sessionid || events.start_time) songplay_id,
                events.start_time, 
                events.userid, 
                events.level, 
                songs.song_id, 
                songs.artist_id, 
                events.sessionid, 
                events.location, 
                events.useragent
                FROM (SELECT TIMESTAMP 'epoch' + ts/1000 * interval '1 second' AS start_time, *
            FROM staging_events
            WHERE page='NextSong') events
            LEFT JOIN staging_songs songs
            ON events.song = songs.title
                AND events.artist = songs.artist_name
                AND events.length = songs.duration
    ;, parameters: None
[2025-07-14T04:02:37.812+0000] {sql.py:384} INFO - Rows affected: 6820
[2025-07-14T04:02:38.591+0000] {taskinstance.py:1373} INFO - Marking task as SUCCESS. dag_id=final_project, task_id=Load_songplays_fact_table, execution_date=20250714T040208, start_date=20250714T040235, end_date=20250714T040238
[2025-07-14T04:02:38.638+0000] {local_task_job_runner.py:232} INFO - Task exited with return code 0
[2025-07-14T04:02:38.674+0000] {taskinstance.py:2674} INFO - 0 downstream tasks scheduled from follow-on schedule check
