[2025-07-14T02:59:59.881+0000] {taskinstance.py:1125} INFO - Dependencies all met for dep_context=non-requeueable deps ti=<TaskInstance: final_project.Run_data_quality_checks manual__2025-07-14T02:59:21.467522+00:00 [queued]>
[2025-07-14T02:59:59.897+0000] {taskinstance.py:1125} INFO - Dependencies all met for dep_context=requeueable deps ti=<TaskInstance: final_project.Run_data_quality_checks manual__2025-07-14T02:59:21.467522+00:00 [queued]>
[2025-07-14T02:59:59.898+0000] {taskinstance.py:1331} INFO - Starting attempt 1 of 1
[2025-07-14T02:59:59.922+0000] {taskinstance.py:1350} INFO - Executing <Task(DataQualityOperator): Run_data_quality_checks> on 2025-07-14 02:59:21.467522+00:00
[2025-07-14T02:59:59.930+0000] {standard_task_runner.py:57} INFO - Started process 1307 to run task
[2025-07-14T02:59:59.934+0000] {standard_task_runner.py:84} INFO - Running: ['***', 'tasks', 'run', 'final_project', 'Run_data_quality_checks', 'manual__2025-07-14T02:59:21.467522+00:00', '--job-id', '83', '--raw', '--subdir', 'DAGS_FOLDER/final_project.py', '--cfg-path', '/tmp/tmpt2j_ut9h']
[2025-07-14T02:59:59.936+0000] {standard_task_runner.py:85} INFO - Job 83: Subtask Run_data_quality_checks
[2025-07-14T03:00:00.013+0000] {task_command.py:410} INFO - Running <TaskInstance: final_project.Run_data_quality_checks manual__2025-07-14T02:59:21.467522+00:00 [running]> on host d7ac0fd04b06
[2025-07-14T03:00:00.150+0000] {taskinstance.py:1570} INFO - Exporting env vars: AIRFLOW_CTX_DAG_OWNER='udacity' AIRFLOW_CTX_DAG_ID='final_project' AIRFLOW_CTX_TASK_ID='Run_data_quality_checks' AIRFLOW_CTX_EXECUTION_DATE='2025-07-14T02:59:21.467522+00:00' AIRFLOW_CTX_TRY_NUMBER='1' AIRFLOW_CTX_DAG_RUN_ID='manual__2025-07-14T02:59:21.467522+00:00'
[2025-07-14T03:00:00.160+0000] {base.py:73} INFO - Using connection ID 'redshift' for task execution.
[2025-07-14T03:00:01.474+0000] {sql.py:375} INFO - Running statement: SELECT COUNT(*) FROM songplays, parameters: None
[2025-07-14T03:00:01.860+0000] {sql.py:384} INFO - Rows affected: 1
[2025-07-14T03:00:02.042+0000] {data_quality.py:36} INFO - Data quality on table songplays check passed with 6820 records
[2025-07-14T03:00:02.048+0000] {base.py:73} INFO - Using connection ID 'redshift' for task execution.
[2025-07-14T03:00:03.324+0000] {sql.py:375} INFO - Running statement: SELECT COUNT(*) FROM users, parameters: None
[2025-07-14T03:00:03.699+0000] {sql.py:384} INFO - Rows affected: 1
[2025-07-14T03:00:03.876+0000] {data_quality.py:36} INFO - Data quality on table users check passed with 104 records
[2025-07-14T03:00:03.886+0000] {base.py:73} INFO - Using connection ID 'redshift' for task execution.
[2025-07-14T03:00:05.122+0000] {sql.py:375} INFO - Running statement: SELECT COUNT(*) FROM songs, parameters: None
[2025-07-14T03:00:05.485+0000] {sql.py:384} INFO - Rows affected: 1
[2025-07-14T03:00:05.657+0000] {data_quality.py:36} INFO - Data quality on table songs check passed with 604 records
[2025-07-14T03:00:05.669+0000] {base.py:73} INFO - Using connection ID 'redshift' for task execution.
[2025-07-14T03:00:06.906+0000] {sql.py:375} INFO - Running statement: SELECT COUNT(*) FROM artists, parameters: None
[2025-07-14T03:00:07.268+0000] {sql.py:384} INFO - Rows affected: 1
[2025-07-14T03:00:07.439+0000] {data_quality.py:36} INFO - Data quality on table artists check passed with 591 records
[2025-07-14T03:00:07.448+0000] {base.py:73} INFO - Using connection ID 'redshift' for task execution.
[2025-07-14T03:00:08.745+0000] {sql.py:375} INFO - Running statement: SELECT COUNT(*) FROM time, parameters: None
[2025-07-14T03:00:09.121+0000] {sql.py:384} INFO - Rows affected: 1
[2025-07-14T03:00:09.300+0000] {data_quality.py:36} INFO - Data quality on table time check passed with 6820 records
[2025-07-14T03:00:09.317+0000] {taskinstance.py:1373} INFO - Marking task as SUCCESS. dag_id=final_project, task_id=Run_data_quality_checks, execution_date=20250714T025921, start_date=20250714T025959, end_date=20250714T030009
[2025-07-14T03:00:09.379+0000] {local_task_job_runner.py:232} INFO - Task exited with return code 0
[2025-07-14T03:00:09.410+0000] {taskinstance.py:2674} INFO - 0 downstream tasks scheduled from follow-on schedule check
