[2025-07-11T14:17:46.928+0000] {taskinstance.py:1125} INFO - Dependencies all met for dep_context=non-requeueable deps ti=<TaskInstance: final_project.Stage_songs manual__2025-07-11T14:17:43.101232+00:00 [queued]>
[2025-07-11T14:17:46.944+0000] {taskinstance.py:1125} INFO - Dependencies all met for dep_context=requeueable deps ti=<TaskInstance: final_project.Stage_songs manual__2025-07-11T14:17:43.101232+00:00 [queued]>
[2025-07-11T14:17:46.945+0000] {taskinstance.py:1331} INFO - Starting attempt 1 of 1
[2025-07-11T14:17:46.968+0000] {taskinstance.py:1350} INFO - Executing <Task(StageToRedshiftOperator): Stage_songs> on 2025-07-11 14:17:43.101232+00:00
[2025-07-11T14:17:46.975+0000] {standard_task_runner.py:57} INFO - Started process 238 to run task
[2025-07-11T14:17:46.992+0000] {standard_task_runner.py:84} INFO - Running: ['***', 'tasks', 'run', 'final_project', 'Stage_songs', 'manual__2025-07-11T14:17:43.101232+00:00', '--job-id', '10', '--raw', '--subdir', 'DAGS_FOLDER/final_project.py', '--cfg-path', '/tmp/tmp7lf3zex3']
[2025-07-11T14:17:47.005+0000] {standard_task_runner.py:85} INFO - Job 10: Subtask Stage_songs
[2025-07-11T14:17:47.189+0000] {task_command.py:410} INFO - Running <TaskInstance: final_project.Stage_songs manual__2025-07-11T14:17:43.101232+00:00 [running]> on host 49f24e24a176
[2025-07-11T14:17:47.364+0000] {taskinstance.py:1570} INFO - Exporting env vars: AIRFLOW_CTX_DAG_OWNER='udacity' AIRFLOW_CTX_DAG_ID='final_project' AIRFLOW_CTX_TASK_ID='Stage_songs' AIRFLOW_CTX_EXECUTION_DATE='2025-07-11T14:17:43.101232+00:00' AIRFLOW_CTX_TRY_NUMBER='1' AIRFLOW_CTX_DAG_RUN_ID='manual__2025-07-11T14:17:43.101232+00:00'
[2025-07-11T14:17:47.407+0000] {base.py:73} INFO - Using connection ID 'aws_credentials' for task execution.
[2025-07-11T14:17:47.409+0000] {connection_wrapper.py:337} INFO - AWS Connection (conn_id='aws_credentials', conn_type='aws') credentials retrieved from login and password.
[2025-07-11T14:17:47.424+0000] {stage_redshift.py:53} INFO - Clearing data from destination Redshift table
[2025-07-11T14:17:47.491+0000] {taskinstance.py:1847} ERROR - Task failed with exception
Traceback (most recent call last):
  File "/opt/airflow/plugins/operators/stage_redshift.py", line 54, in execute
    redshift.run("DELETE FROM {}".format(self.table))
  File "/home/airflow/.local/lib/python3.7/site-packages/airflow/providers/common/sql/hooks/sql.py", line 342, in run
    with closing(self.get_conn()) as conn:
  File "/home/airflow/.local/lib/python3.7/site-packages/airflow/providers/postgres/hooks/postgres.py", line 117, in get_conn
    conn = deepcopy(self.connection or self.get_connection(conn_id))
  File "/home/airflow/.local/lib/python3.7/site-packages/airflow/hooks/base.py", line 72, in get_connection
    conn = Connection.get_connection_from_secrets(conn_id)
  File "/home/airflow/.local/lib/python3.7/site-packages/airflow/models/connection.py", line 434, in get_connection_from_secrets
    raise AirflowNotFoundException(f"The conn_id `{conn_id}` isn't defined")
airflow.exceptions.AirflowNotFoundException: The conn_id `` isn't defined
[2025-07-11T14:17:47.503+0000] {taskinstance.py:1373} INFO - Marking task as FAILED. dag_id=final_project, task_id=Stage_songs, execution_date=20250711T141743, start_date=20250711T141746, end_date=20250711T141747
[2025-07-11T14:17:47.534+0000] {standard_task_runner.py:109} ERROR - Failed to execute job 10 for task Stage_songs (The conn_id `` isn't defined; 238)
[2025-07-11T14:17:47.558+0000] {local_task_job_runner.py:232} INFO - Task exited with return code 1
[2025-07-11T14:17:47.605+0000] {taskinstance.py:2674} INFO - 0 downstream tasks scheduled from follow-on schedule check
