[2025-07-14T02:25:51.216+0000] {taskinstance.py:1125} INFO - Dependencies all met for dep_context=non-requeueable deps ti=<TaskInstance: final_project.Stage_events manual__2025-07-14T02:25:31.239507+00:00 [queued]>
[2025-07-14T02:25:51.234+0000] {taskinstance.py:1125} INFO - Dependencies all met for dep_context=requeueable deps ti=<TaskInstance: final_project.Stage_events manual__2025-07-14T02:25:31.239507+00:00 [queued]>
[2025-07-14T02:25:51.235+0000] {taskinstance.py:1331} INFO - Starting attempt 1 of 1
[2025-07-14T02:25:51.264+0000] {taskinstance.py:1350} INFO - Executing <Task(StageToRedshiftOperator): Stage_events> on 2025-07-14 02:25:31.239507+00:00
[2025-07-14T02:25:51.276+0000] {standard_task_runner.py:57} INFO - Started process 562 to run task
[2025-07-14T02:25:51.279+0000] {standard_task_runner.py:84} INFO - Running: ['***', 'tasks', 'run', 'final_project', 'Stage_events', 'manual__2025-07-14T02:25:31.239507+00:00', '--job-id', '27', '--raw', '--subdir', 'DAGS_FOLDER/final_project.py', '--cfg-path', '/tmp/tmp0fet3pqa']
[2025-07-14T02:25:51.283+0000] {standard_task_runner.py:85} INFO - Job 27: Subtask Stage_events
[2025-07-14T02:25:51.371+0000] {task_command.py:410} INFO - Running <TaskInstance: final_project.Stage_events manual__2025-07-14T02:25:31.239507+00:00 [running]> on host d7ac0fd04b06
[2025-07-14T02:25:51.496+0000] {taskinstance.py:1570} INFO - Exporting env vars: AIRFLOW_CTX_DAG_OWNER='udacity' AIRFLOW_CTX_DAG_ID='final_project' AIRFLOW_CTX_TASK_ID='Stage_events' AIRFLOW_CTX_EXECUTION_DATE='2025-07-14T02:25:31.239507+00:00' AIRFLOW_CTX_TRY_NUMBER='1' AIRFLOW_CTX_DAG_RUN_ID='manual__2025-07-14T02:25:31.239507+00:00'
[2025-07-14T02:25:51.515+0000] {base.py:73} INFO - Using connection ID 'aws_credentials' for task execution.
[2025-07-14T02:25:51.519+0000] {connection_wrapper.py:337} INFO - AWS Connection (conn_id='aws_credentials', conn_type='aws') credentials retrieved from login and password.
[2025-07-14T02:25:51.531+0000] {stage_redshift.py:48} INFO - Clearing data from destination Redshift table
[2025-07-14T02:25:51.532+0000] {stage_redshift.py:51} INFO - Copying data from S3 to Redshift
[2025-07-14T02:25:51.533+0000] {warnings.py:110} WARNING - /home/***/.local/lib/python3.7/site-packages/***/utils/context.py:205: AirflowContextDeprecationWarning: Accessing 'execution_date' from the template is deprecated and will be removed in a future version. Please use 'data_interval_start' or 'logical_date' instead.
  warnings.warn(_create_deprecation_warning(key, self._deprecation_replacements[key]))

[2025-07-14T02:25:51.533+0000] {warnings.py:110} WARNING - /home/***/.local/lib/python3.7/site-packages/***/utils/context.py:205: AirflowContextDeprecationWarning: Accessing 'next_ds' from the template is deprecated and will be removed in a future version. Please use '{{ data_interval_end | ds }}' instead.
  warnings.warn(_create_deprecation_warning(key, self._deprecation_replacements[key]))

[2025-07-14T02:25:51.534+0000] {warnings.py:110} WARNING - /home/***/.local/lib/python3.7/site-packages/***/utils/context.py:205: AirflowContextDeprecationWarning: Accessing 'next_ds_nodash' from the template is deprecated and will be removed in a future version. Please use '{{ data_interval_end | ds_nodash }}' instead.
  warnings.warn(_create_deprecation_warning(key, self._deprecation_replacements[key]))

[2025-07-14T02:25:51.535+0000] {warnings.py:110} WARNING - /home/***/.local/lib/python3.7/site-packages/***/utils/context.py:205: AirflowContextDeprecationWarning: Accessing 'next_execution_date' from the template is deprecated and will be removed in a future version. Please use 'data_interval_end' instead.
  warnings.warn(_create_deprecation_warning(key, self._deprecation_replacements[key]))

[2025-07-14T02:25:51.535+0000] {warnings.py:110} WARNING - /home/***/.local/lib/python3.7/site-packages/***/utils/context.py:205: AirflowContextDeprecationWarning: Accessing 'prev_ds' from the template is deprecated and will be removed in a future version.
  warnings.warn(_create_deprecation_warning(key, self._deprecation_replacements[key]))

[2025-07-14T02:25:51.536+0000] {warnings.py:110} WARNING - /home/***/.local/lib/python3.7/site-packages/***/utils/context.py:205: AirflowContextDeprecationWarning: Accessing 'prev_ds_nodash' from the template is deprecated and will be removed in a future version.
  warnings.warn(_create_deprecation_warning(key, self._deprecation_replacements[key]))

[2025-07-14T02:25:51.538+0000] {warnings.py:110} WARNING - /home/***/.local/lib/python3.7/site-packages/***/utils/context.py:205: AirflowContextDeprecationWarning: Accessing 'prev_execution_date' from the template is deprecated and will be removed in a future version.
  warnings.warn(_create_deprecation_warning(key, self._deprecation_replacements[key]))

[2025-07-14T02:25:51.539+0000] {warnings.py:110} WARNING - /home/***/.local/lib/python3.7/site-packages/***/utils/context.py:205: AirflowContextDeprecationWarning: Accessing 'prev_execution_date_success' from the template is deprecated and will be removed in a future version. Please use 'prev_data_interval_start_success' instead.
  warnings.warn(_create_deprecation_warning(key, self._deprecation_replacements[key]))

[2025-07-14T02:25:51.540+0000] {warnings.py:110} WARNING - /home/***/.local/lib/python3.7/site-packages/***/utils/context.py:205: AirflowContextDeprecationWarning: Accessing 'tomorrow_ds' from the template is deprecated and will be removed in a future version.
  warnings.warn(_create_deprecation_warning(key, self._deprecation_replacements[key]))

[2025-07-14T02:25:51.541+0000] {warnings.py:110} WARNING - /home/***/.local/lib/python3.7/site-packages/***/utils/context.py:205: AirflowContextDeprecationWarning: Accessing 'tomorrow_ds_nodash' from the template is deprecated and will be removed in a future version.
  warnings.warn(_create_deprecation_warning(key, self._deprecation_replacements[key]))

[2025-07-14T02:25:51.543+0000] {warnings.py:110} WARNING - /home/***/.local/lib/python3.7/site-packages/***/utils/context.py:205: AirflowContextDeprecationWarning: Accessing 'yesterday_ds' from the template is deprecated and will be removed in a future version.
  warnings.warn(_create_deprecation_warning(key, self._deprecation_replacements[key]))

[2025-07-14T02:25:51.543+0000] {warnings.py:110} WARNING - /home/***/.local/lib/python3.7/site-packages/***/utils/context.py:205: AirflowContextDeprecationWarning: Accessing 'yesterday_ds_nodash' from the template is deprecated and will be removed in a future version.
  warnings.warn(_create_deprecation_warning(key, self._deprecation_replacements[key]))

[2025-07-14T02:25:51.552+0000] {base.py:73} INFO - Using connection ID 'redshift' for task execution.
[2025-07-14T02:25:52.896+0000] {sql.py:375} INFO - Running statement: 
        COPY staging_events
        FROM 's3://igutetsu/log-data/'
        ACCESS_KEY_ID 'AKIAQ36MYI32P6LVRWGM'
        SECRET_ACCESS_KEY '***'
        FORMAT AS JSON 's3://igutetsu/log_json_path.json';
    , parameters: None
[2025-07-14T02:25:54.971+0000] {taskinstance.py:1373} INFO - Marking task as SUCCESS. dag_id=final_project, task_id=Stage_events, execution_date=20250714T022531, start_date=20250714T022551, end_date=20250714T022554
[2025-07-14T02:25:55.015+0000] {local_task_job_runner.py:232} INFO - Task exited with return code 0
[2025-07-14T02:25:55.061+0000] {taskinstance.py:2674} INFO - 0 downstream tasks scheduled from follow-on schedule check
