[2025-07-14T02:38:37.206+0000] {taskinstance.py:1125} INFO - Dependencies all met for dep_context=non-requeueable deps ti=<TaskInstance: final_project.Run_data_quality_checks manual__2025-07-14T02:37:58.606162+00:00 [queued]>
[2025-07-14T02:38:37.224+0000] {taskinstance.py:1125} INFO - Dependencies all met for dep_context=requeueable deps ti=<TaskInstance: final_project.Run_data_quality_checks manual__2025-07-14T02:37:58.606162+00:00 [queued]>
[2025-07-14T02:38:37.228+0000] {taskinstance.py:1331} INFO - Starting attempt 1 of 1
[2025-07-14T02:38:37.244+0000] {taskinstance.py:1350} INFO - Executing <Task(DataQualityOperator): Run_data_quality_checks> on 2025-07-14 02:37:58.606162+00:00
[2025-07-14T02:38:37.257+0000] {standard_task_runner.py:57} INFO - Started process 871 to run task
[2025-07-14T02:38:37.264+0000] {standard_task_runner.py:84} INFO - Running: ['***', 'tasks', 'run', 'final_project', 'Run_data_quality_checks', 'manual__2025-07-14T02:37:58.606162+00:00', '--job-id', '59', '--raw', '--subdir', 'DAGS_FOLDER/final_project.py', '--cfg-path', '/tmp/tmpf3xvzrru']
[2025-07-14T02:38:37.267+0000] {standard_task_runner.py:85} INFO - Job 59: Subtask Run_data_quality_checks
[2025-07-14T02:38:37.346+0000] {task_command.py:410} INFO - Running <TaskInstance: final_project.Run_data_quality_checks manual__2025-07-14T02:37:58.606162+00:00 [running]> on host d7ac0fd04b06
[2025-07-14T02:38:37.468+0000] {taskinstance.py:1570} INFO - Exporting env vars: AIRFLOW_CTX_DAG_OWNER='udacity' AIRFLOW_CTX_DAG_ID='final_project' AIRFLOW_CTX_TASK_ID='Run_data_quality_checks' AIRFLOW_CTX_EXECUTION_DATE='2025-07-14T02:37:58.606162+00:00' AIRFLOW_CTX_TRY_NUMBER='1' AIRFLOW_CTX_DAG_RUN_ID='manual__2025-07-14T02:37:58.606162+00:00'
[2025-07-14T02:38:37.483+0000] {base.py:73} INFO - Using connection ID 'redshift' for task execution.
[2025-07-14T02:38:38.855+0000] {sql.py:375} INFO - Running statement: SELECT COUNT(*) FROM songplays, parameters: None
[2025-07-14T02:38:39.253+0000] {sql.py:384} INFO - Rows affected: 1
[2025-07-14T02:38:39.442+0000] {data_quality.py:36} INFO - Data quality on table songplays check passed with 6820 records
[2025-07-14T02:38:39.454+0000] {base.py:73} INFO - Using connection ID 'redshift' for task execution.
[2025-07-14T02:38:40.800+0000] {sql.py:375} INFO - Running statement: SELECT COUNT(*) FROM users, parameters: None
[2025-07-14T02:38:41.174+0000] {sql.py:384} INFO - Rows affected: 1
[2025-07-14T02:38:41.351+0000] {data_quality.py:36} INFO - Data quality on table users check passed with 104 records
[2025-07-14T02:38:41.362+0000] {base.py:73} INFO - Using connection ID 'redshift' for task execution.
[2025-07-14T02:38:42.656+0000] {sql.py:375} INFO - Running statement: SELECT COUNT(*) FROM songs, parameters: None
[2025-07-14T02:38:43.033+0000] {sql.py:384} INFO - Rows affected: 1
[2025-07-14T02:38:43.217+0000] {data_quality.py:36} INFO - Data quality on table songs check passed with 24 records
[2025-07-14T02:38:43.235+0000] {base.py:73} INFO - Using connection ID 'redshift' for task execution.
[2025-07-14T02:38:44.543+0000] {sql.py:375} INFO - Running statement: SELECT COUNT(*) FROM artists, parameters: None
[2025-07-14T02:38:44.918+0000] {sql.py:384} INFO - Rows affected: 1
[2025-07-14T02:38:45.094+0000] {data_quality.py:36} INFO - Data quality on table artists check passed with 24 records
[2025-07-14T02:38:45.101+0000] {base.py:73} INFO - Using connection ID 'redshift' for task execution.
[2025-07-14T02:38:46.328+0000] {sql.py:375} INFO - Running statement: SELECT COUNT(*) FROM time, parameters: None
[2025-07-14T02:38:46.690+0000] {sql.py:384} INFO - Rows affected: 1
[2025-07-14T02:38:46.860+0000] {data_quality.py:36} INFO - Data quality on table time check passed with 6820 records
[2025-07-14T02:38:46.878+0000] {taskinstance.py:1373} INFO - Marking task as SUCCESS. dag_id=final_project, task_id=Run_data_quality_checks, execution_date=20250714T023758, start_date=20250714T023837, end_date=20250714T023846
[2025-07-14T02:38:46.945+0000] {local_task_job_runner.py:232} INFO - Task exited with return code 0
[2025-07-14T02:38:46.980+0000] {taskinstance.py:2674} INFO - 0 downstream tasks scheduled from follow-on schedule check
