[2025-07-14T04:02:45.621+0000] {taskinstance.py:1125} INFO - Dependencies all met for dep_context=non-requeueable deps ti=<TaskInstance: final_project.Run_data_quality_checks manual__2025-07-14T04:02:08.674705+00:00 [queued]>
[2025-07-14T04:02:45.635+0000] {taskinstance.py:1125} INFO - Dependencies all met for dep_context=requeueable deps ti=<TaskInstance: final_project.Run_data_quality_checks manual__2025-07-14T04:02:08.674705+00:00 [queued]>
[2025-07-14T04:02:45.635+0000] {taskinstance.py:1331} INFO - Starting attempt 1 of 1
[2025-07-14T04:02:45.649+0000] {taskinstance.py:1350} INFO - Executing <Task(DataQualityOperator): Run_data_quality_checks> on 2025-07-14 04:02:08.674705+00:00
[2025-07-14T04:02:45.655+0000] {standard_task_runner.py:57} INFO - Started process 2027 to run task
[2025-07-14T04:02:45.659+0000] {standard_task_runner.py:84} INFO - Running: ['***', 'tasks', 'run', 'final_project', 'Run_data_quality_checks', 'manual__2025-07-14T04:02:08.674705+00:00', '--job-id', '107', '--raw', '--subdir', 'DAGS_FOLDER/final_project.py', '--cfg-path', '/tmp/tmp548qvcgj']
[2025-07-14T04:02:45.661+0000] {standard_task_runner.py:85} INFO - Job 107: Subtask Run_data_quality_checks
[2025-07-14T04:02:45.707+0000] {task_command.py:410} INFO - Running <TaskInstance: final_project.Run_data_quality_checks manual__2025-07-14T04:02:08.674705+00:00 [running]> on host d7ac0fd04b06
[2025-07-14T04:02:45.809+0000] {taskinstance.py:1570} INFO - Exporting env vars: AIRFLOW_CTX_DAG_OWNER='udacity' AIRFLOW_CTX_DAG_ID='final_project' AIRFLOW_CTX_TASK_ID='Run_data_quality_checks' AIRFLOW_CTX_EXECUTION_DATE='2025-07-14T04:02:08.674705+00:00' AIRFLOW_CTX_TRY_NUMBER='1' AIRFLOW_CTX_DAG_RUN_ID='manual__2025-07-14T04:02:08.674705+00:00'
[2025-07-14T04:02:45.820+0000] {base.py:73} INFO - Using connection ID 'redshift' for task execution.
[2025-07-14T04:02:47.083+0000] {sql.py:375} INFO - Running statement: SELECT COUNT(*) FROM songplays, parameters: None
[2025-07-14T04:02:47.445+0000] {sql.py:384} INFO - Rows affected: 1
[2025-07-14T04:02:47.616+0000] {data_quality.py:36} INFO - Data quality on table songplays check passed with 6820 records
[2025-07-14T04:02:47.624+0000] {base.py:73} INFO - Using connection ID 'redshift' for task execution.
[2025-07-14T04:02:48.976+0000] {sql.py:375} INFO - Running statement: SELECT COUNT(*) FROM users, parameters: None
[2025-07-14T04:02:49.370+0000] {sql.py:384} INFO - Rows affected: 1
[2025-07-14T04:02:49.558+0000] {data_quality.py:36} INFO - Data quality on table users check passed with 104 records
[2025-07-14T04:02:49.572+0000] {base.py:73} INFO - Using connection ID 'redshift' for task execution.
[2025-07-14T04:02:50.845+0000] {sql.py:375} INFO - Running statement: SELECT COUNT(*) FROM songs, parameters: None
[2025-07-14T04:02:51.217+0000] {sql.py:384} INFO - Rows affected: 1
[2025-07-14T04:02:51.392+0000] {data_quality.py:36} INFO - Data quality on table songs check passed with 604 records
[2025-07-14T04:02:51.404+0000] {base.py:73} INFO - Using connection ID 'redshift' for task execution.
[2025-07-14T04:02:52.638+0000] {sql.py:375} INFO - Running statement: SELECT COUNT(*) FROM artists, parameters: None
[2025-07-14T04:02:53.001+0000] {sql.py:384} INFO - Rows affected: 1
[2025-07-14T04:02:53.171+0000] {data_quality.py:36} INFO - Data quality on table artists check passed with 591 records
[2025-07-14T04:02:53.179+0000] {base.py:73} INFO - Using connection ID 'redshift' for task execution.
[2025-07-14T04:02:54.499+0000] {sql.py:375} INFO - Running statement: SELECT COUNT(*) FROM time, parameters: None
[2025-07-14T04:02:54.889+0000] {sql.py:384} INFO - Rows affected: 1
[2025-07-14T04:02:55.073+0000] {data_quality.py:36} INFO - Data quality on table time check passed with 6820 records
[2025-07-14T04:02:55.089+0000] {taskinstance.py:1373} INFO - Marking task as SUCCESS. dag_id=final_project, task_id=Run_data_quality_checks, execution_date=20250714T040208, start_date=20250714T040245, end_date=20250714T040255
[2025-07-14T04:02:55.131+0000] {local_task_job_runner.py:232} INFO - Task exited with return code 0
[2025-07-14T04:02:55.156+0000] {taskinstance.py:2674} INFO - 0 downstream tasks scheduled from follow-on schedule check
