[2025-07-14T02:43:58.270+0000] {taskinstance.py:1125} INFO - Dependencies all met for dep_context=non-requeueable deps ti=<TaskInstance: final_project.Stage_songs manual__2025-07-14T02:43:36.466345+00:00 [queued]>
[2025-07-14T02:43:58.282+0000] {taskinstance.py:1125} INFO - Dependencies all met for dep_context=requeueable deps ti=<TaskInstance: final_project.Stage_songs manual__2025-07-14T02:43:36.466345+00:00 [queued]>
[2025-07-14T02:43:58.282+0000] {taskinstance.py:1331} INFO - Starting attempt 1 of 1
[2025-07-14T02:43:58.309+0000] {taskinstance.py:1350} INFO - Executing <Task(StageToRedshiftOperator): Stage_songs> on 2025-07-14 02:43:36.466345+00:00
[2025-07-14T02:43:58.323+0000] {standard_task_runner.py:57} INFO - Started process 977 to run task
[2025-07-14T02:43:58.328+0000] {standard_task_runner.py:84} INFO - Running: ['***', 'tasks', 'run', 'final_project', 'Stage_songs', 'manual__2025-07-14T02:43:36.466345+00:00', '--job-id', '61', '--raw', '--subdir', 'DAGS_FOLDER/final_project.py', '--cfg-path', '/tmp/tmpzraqk_oa']
[2025-07-14T02:43:58.331+0000] {standard_task_runner.py:85} INFO - Job 61: Subtask Stage_songs
[2025-07-14T02:43:58.424+0000] {task_command.py:410} INFO - Running <TaskInstance: final_project.Stage_songs manual__2025-07-14T02:43:36.466345+00:00 [running]> on host d7ac0fd04b06
[2025-07-14T02:43:58.568+0000] {taskinstance.py:1570} INFO - Exporting env vars: AIRFLOW_CTX_DAG_OWNER='udacity' AIRFLOW_CTX_DAG_ID='final_project' AIRFLOW_CTX_TASK_ID='Stage_songs' AIRFLOW_CTX_EXECUTION_DATE='2025-07-14T02:43:36.466345+00:00' AIRFLOW_CTX_TRY_NUMBER='1' AIRFLOW_CTX_DAG_RUN_ID='manual__2025-07-14T02:43:36.466345+00:00'
[2025-07-14T02:43:58.584+0000] {base.py:73} INFO - Using connection ID 'aws_credentials' for task execution.
[2025-07-14T02:43:58.586+0000] {connection_wrapper.py:337} INFO - AWS Connection (conn_id='aws_credentials', conn_type='aws') credentials retrieved from login and password.
[2025-07-14T02:43:58.595+0000] {stage_redshift.py:48} INFO - Clearing data from destination Redshift table
[2025-07-14T02:43:58.605+0000] {base.py:73} INFO - Using connection ID 'redshift' for task execution.
[2025-07-14T02:43:59.895+0000] {sql.py:375} INFO - Running statement: DELETE FROM staging_songs, parameters: None
[2025-07-14T02:44:00.326+0000] {sql.py:384} INFO - Rows affected: 0
[2025-07-14T02:44:00.713+0000] {stage_redshift.py:51} INFO - Copying data from S3 to Redshift
[2025-07-14T02:44:00.714+0000] {warnings.py:110} WARNING - /home/***/.local/lib/python3.7/site-packages/***/utils/context.py:205: AirflowContextDeprecationWarning: Accessing 'execution_date' from the template is deprecated and will be removed in a future version. Please use 'data_interval_start' or 'logical_date' instead.
  warnings.warn(_create_deprecation_warning(key, self._deprecation_replacements[key]))

[2025-07-14T02:44:00.714+0000] {warnings.py:110} WARNING - /home/***/.local/lib/python3.7/site-packages/***/utils/context.py:205: AirflowContextDeprecationWarning: Accessing 'next_ds' from the template is deprecated and will be removed in a future version. Please use '{{ data_interval_end | ds }}' instead.
  warnings.warn(_create_deprecation_warning(key, self._deprecation_replacements[key]))

[2025-07-14T02:44:00.714+0000] {warnings.py:110} WARNING - /home/***/.local/lib/python3.7/site-packages/***/utils/context.py:205: AirflowContextDeprecationWarning: Accessing 'next_ds_nodash' from the template is deprecated and will be removed in a future version. Please use '{{ data_interval_end | ds_nodash }}' instead.
  warnings.warn(_create_deprecation_warning(key, self._deprecation_replacements[key]))

[2025-07-14T02:44:00.714+0000] {warnings.py:110} WARNING - /home/***/.local/lib/python3.7/site-packages/***/utils/context.py:205: AirflowContextDeprecationWarning: Accessing 'next_execution_date' from the template is deprecated and will be removed in a future version. Please use 'data_interval_end' instead.
  warnings.warn(_create_deprecation_warning(key, self._deprecation_replacements[key]))

[2025-07-14T02:44:00.715+0000] {warnings.py:110} WARNING - /home/***/.local/lib/python3.7/site-packages/***/utils/context.py:205: AirflowContextDeprecationWarning: Accessing 'prev_ds' from the template is deprecated and will be removed in a future version.
  warnings.warn(_create_deprecation_warning(key, self._deprecation_replacements[key]))

[2025-07-14T02:44:00.715+0000] {warnings.py:110} WARNING - /home/***/.local/lib/python3.7/site-packages/***/utils/context.py:205: AirflowContextDeprecationWarning: Accessing 'prev_ds_nodash' from the template is deprecated and will be removed in a future version.
  warnings.warn(_create_deprecation_warning(key, self._deprecation_replacements[key]))

[2025-07-14T02:44:00.715+0000] {warnings.py:110} WARNING - /home/***/.local/lib/python3.7/site-packages/***/utils/context.py:205: AirflowContextDeprecationWarning: Accessing 'prev_execution_date' from the template is deprecated and will be removed in a future version.
  warnings.warn(_create_deprecation_warning(key, self._deprecation_replacements[key]))

[2025-07-14T02:44:00.715+0000] {warnings.py:110} WARNING - /home/***/.local/lib/python3.7/site-packages/***/utils/context.py:205: AirflowContextDeprecationWarning: Accessing 'prev_execution_date_success' from the template is deprecated and will be removed in a future version. Please use 'prev_data_interval_start_success' instead.
  warnings.warn(_create_deprecation_warning(key, self._deprecation_replacements[key]))

[2025-07-14T02:44:00.716+0000] {warnings.py:110} WARNING - /home/***/.local/lib/python3.7/site-packages/***/utils/context.py:205: AirflowContextDeprecationWarning: Accessing 'tomorrow_ds' from the template is deprecated and will be removed in a future version.
  warnings.warn(_create_deprecation_warning(key, self._deprecation_replacements[key]))

[2025-07-14T02:44:00.716+0000] {warnings.py:110} WARNING - /home/***/.local/lib/python3.7/site-packages/***/utils/context.py:205: AirflowContextDeprecationWarning: Accessing 'tomorrow_ds_nodash' from the template is deprecated and will be removed in a future version.
  warnings.warn(_create_deprecation_warning(key, self._deprecation_replacements[key]))

[2025-07-14T02:44:00.716+0000] {warnings.py:110} WARNING - /home/***/.local/lib/python3.7/site-packages/***/utils/context.py:205: AirflowContextDeprecationWarning: Accessing 'yesterday_ds' from the template is deprecated and will be removed in a future version.
  warnings.warn(_create_deprecation_warning(key, self._deprecation_replacements[key]))

[2025-07-14T02:44:00.716+0000] {warnings.py:110} WARNING - /home/***/.local/lib/python3.7/site-packages/***/utils/context.py:205: AirflowContextDeprecationWarning: Accessing 'yesterday_ds_nodash' from the template is deprecated and will be removed in a future version.
  warnings.warn(_create_deprecation_warning(key, self._deprecation_replacements[key]))

[2025-07-14T02:44:00.722+0000] {base.py:73} INFO - Using connection ID 'redshift' for task execution.
[2025-07-14T02:44:01.993+0000] {sql.py:375} INFO - Running statement: 
        COPY staging_songs
        FROM 's3://igutetsu/song-data/'
        ACCESS_KEY_ID 'AKIAQ36MYI32P6LVRWGM'
        SECRET_ACCESS_KEY '***'
        FORMAT AS JSON 'auto';
    , parameters: None
[2025-07-14T02:44:35.678+0000] {taskinstance.py:1847} ERROR - Task failed with exception
Traceback (most recent call last):
  File "/opt/airflow/plugins/operators/stage_redshift.py", line 61, in execute
    redshift.run(formatted_sql)
  File "/home/airflow/.local/lib/python3.7/site-packages/airflow/providers/common/sql/hooks/sql.py", line 349, in run
    self._run_command(cur, sql_statement, parameters)
  File "/home/airflow/.local/lib/python3.7/site-packages/airflow/providers/common/sql/hooks/sql.py", line 380, in _run_command
    cur.execute(sql_statement)
psycopg2.errors.InternalError_: Load into table 'staging_songs' failed.  Check 'sys_load_error_detail' system table for details.

[2025-07-14T02:44:35.701+0000] {taskinstance.py:1373} INFO - Marking task as FAILED. dag_id=final_project, task_id=Stage_songs, execution_date=20250714T024336, start_date=20250714T024358, end_date=20250714T024435
[2025-07-14T02:44:35.716+0000] {standard_task_runner.py:109} ERROR - Failed to execute job 61 for task Stage_songs (Load into table 'staging_songs' failed.  Check 'sys_load_error_detail' system table for details.
; 977)
[2025-07-14T02:44:35.744+0000] {local_task_job_runner.py:232} INFO - Task exited with return code 1
[2025-07-14T02:44:35.778+0000] {taskinstance.py:2674} INFO - 0 downstream tasks scheduled from follow-on schedule check
