[2025-07-14T02:57:59.239+0000] {taskinstance.py:1125} INFO - Dependencies all met for dep_context=non-requeueable deps ti=<TaskInstance: final_project.Run_data_quality_checks manual__2025-07-14T02:57:20.871897+00:00 [queued]>
[2025-07-14T02:57:59.248+0000] {taskinstance.py:1125} INFO - Dependencies all met for dep_context=requeueable deps ti=<TaskInstance: final_project.Run_data_quality_checks manual__2025-07-14T02:57:20.871897+00:00 [queued]>
[2025-07-14T02:57:59.248+0000] {taskinstance.py:1331} INFO - Starting attempt 1 of 1
[2025-07-14T02:57:59.264+0000] {taskinstance.py:1350} INFO - Executing <Task(DataQualityOperator): Run_data_quality_checks> on 2025-07-14 02:57:20.871897+00:00
[2025-07-14T02:57:59.271+0000] {standard_task_runner.py:57} INFO - Started process 1246 to run task
[2025-07-14T02:57:59.274+0000] {standard_task_runner.py:84} INFO - Running: ['***', 'tasks', 'run', 'final_project', 'Run_data_quality_checks', 'manual__2025-07-14T02:57:20.871897+00:00', '--job-id', '74', '--raw', '--subdir', 'DAGS_FOLDER/final_project.py', '--cfg-path', '/tmp/tmp6_92n5ow']
[2025-07-14T02:57:59.277+0000] {standard_task_runner.py:85} INFO - Job 74: Subtask Run_data_quality_checks
[2025-07-14T02:57:59.351+0000] {task_command.py:410} INFO - Running <TaskInstance: final_project.Run_data_quality_checks manual__2025-07-14T02:57:20.871897+00:00 [running]> on host d7ac0fd04b06
[2025-07-14T02:57:59.485+0000] {taskinstance.py:1570} INFO - Exporting env vars: AIRFLOW_CTX_DAG_OWNER='udacity' AIRFLOW_CTX_DAG_ID='final_project' AIRFLOW_CTX_TASK_ID='Run_data_quality_checks' AIRFLOW_CTX_EXECUTION_DATE='2025-07-14T02:57:20.871897+00:00' AIRFLOW_CTX_TRY_NUMBER='1' AIRFLOW_CTX_DAG_RUN_ID='manual__2025-07-14T02:57:20.871897+00:00'
[2025-07-14T02:57:59.497+0000] {base.py:73} INFO - Using connection ID 'redshift' for task execution.
[2025-07-14T02:58:00.737+0000] {sql.py:375} INFO - Running statement: SELECT COUNT(*) FROM songplays, parameters: None
[2025-07-14T02:58:01.099+0000] {sql.py:384} INFO - Rows affected: 1
[2025-07-14T02:58:01.270+0000] {data_quality.py:36} INFO - Data quality on table songplays check passed with 6820 records
[2025-07-14T02:58:01.288+0000] {base.py:73} INFO - Using connection ID 'redshift' for task execution.
[2025-07-14T02:58:02.615+0000] {sql.py:375} INFO - Running statement: SELECT COUNT(*) FROM users, parameters: None
[2025-07-14T02:58:03.000+0000] {sql.py:384} INFO - Rows affected: 1
[2025-07-14T02:58:03.184+0000] {data_quality.py:36} INFO - Data quality on table users check passed with 104 records
[2025-07-14T02:58:03.195+0000] {base.py:73} INFO - Using connection ID 'redshift' for task execution.
[2025-07-14T02:58:04.436+0000] {sql.py:375} INFO - Running statement: SELECT COUNT(*) FROM songs, parameters: None
[2025-07-14T02:58:04.798+0000] {sql.py:384} INFO - Rows affected: 1
[2025-07-14T02:58:04.970+0000] {data_quality.py:36} INFO - Data quality on table songs check passed with 24 records
[2025-07-14T02:58:04.984+0000] {base.py:73} INFO - Using connection ID 'redshift' for task execution.
[2025-07-14T02:58:06.325+0000] {sql.py:375} INFO - Running statement: SELECT COUNT(*) FROM artists, parameters: None
[2025-07-14T02:58:06.715+0000] {sql.py:384} INFO - Rows affected: 1
[2025-07-14T02:58:06.899+0000] {data_quality.py:36} INFO - Data quality on table artists check passed with 24 records
[2025-07-14T02:58:06.906+0000] {base.py:73} INFO - Using connection ID 'redshift' for task execution.
[2025-07-14T02:58:08.265+0000] {sql.py:375} INFO - Running statement: SELECT COUNT(*) FROM time, parameters: None
[2025-07-14T02:58:08.725+0000] {sql.py:384} INFO - Rows affected: 1
[2025-07-14T02:58:08.929+0000] {data_quality.py:36} INFO - Data quality on table time check passed with 6820 records
[2025-07-14T02:58:08.942+0000] {taskinstance.py:1373} INFO - Marking task as SUCCESS. dag_id=final_project, task_id=Run_data_quality_checks, execution_date=20250714T025720, start_date=20250714T025759, end_date=20250714T025808
[2025-07-14T02:58:08.995+0000] {local_task_job_runner.py:232} INFO - Task exited with return code 0
[2025-07-14T02:58:09.016+0000] {taskinstance.py:2674} INFO - 0 downstream tasks scheduled from follow-on schedule check
