[2025-07-14T04:01:34.627+0000] {taskinstance.py:1125} INFO - Dependencies all met for dep_context=non-requeueable deps ti=<TaskInstance: final_project.Run_data_quality_checks manual__2025-07-14T04:00:56.676571+00:00 [queued]>
[2025-07-14T04:01:34.636+0000] {taskinstance.py:1125} INFO - Dependencies all met for dep_context=requeueable deps ti=<TaskInstance: final_project.Run_data_quality_checks manual__2025-07-14T04:00:56.676571+00:00 [queued]>
[2025-07-14T04:01:34.637+0000] {taskinstance.py:1331} INFO - Starting attempt 1 of 1
[2025-07-14T04:01:34.651+0000] {taskinstance.py:1350} INFO - Executing <Task(DataQualityOperator): Run_data_quality_checks> on 2025-07-14 04:00:56.676571+00:00
[2025-07-14T04:01:34.659+0000] {standard_task_runner.py:57} INFO - Started process 1982 to run task
[2025-07-14T04:01:34.663+0000] {standard_task_runner.py:84} INFO - Running: ['***', 'tasks', 'run', 'final_project', 'Run_data_quality_checks', 'manual__2025-07-14T04:00:56.676571+00:00', '--job-id', '98', '--raw', '--subdir', 'DAGS_FOLDER/final_project.py', '--cfg-path', '/tmp/tmp878ep4xw']
[2025-07-14T04:01:34.666+0000] {standard_task_runner.py:85} INFO - Job 98: Subtask Run_data_quality_checks
[2025-07-14T04:01:34.714+0000] {task_command.py:410} INFO - Running <TaskInstance: final_project.Run_data_quality_checks manual__2025-07-14T04:00:56.676571+00:00 [running]> on host d7ac0fd04b06
[2025-07-14T04:01:34.834+0000] {taskinstance.py:1570} INFO - Exporting env vars: AIRFLOW_CTX_DAG_OWNER='udacity' AIRFLOW_CTX_DAG_ID='final_project' AIRFLOW_CTX_TASK_ID='Run_data_quality_checks' AIRFLOW_CTX_EXECUTION_DATE='2025-07-14T04:00:56.676571+00:00' AIRFLOW_CTX_TRY_NUMBER='1' AIRFLOW_CTX_DAG_RUN_ID='manual__2025-07-14T04:00:56.676571+00:00'
[2025-07-14T04:01:34.845+0000] {base.py:73} INFO - Using connection ID 'redshift' for task execution.
[2025-07-14T04:01:36.220+0000] {sql.py:375} INFO - Running statement: SELECT COUNT(*) FROM songplays, parameters: None
[2025-07-14T04:01:36.692+0000] {sql.py:384} INFO - Rows affected: 1
[2025-07-14T04:01:36.880+0000] {data_quality.py:36} INFO - Data quality on table songplays check passed with 6820 records
[2025-07-14T04:01:36.885+0000] {base.py:73} INFO - Using connection ID 'redshift' for task execution.
[2025-07-14T04:01:38.155+0000] {sql.py:375} INFO - Running statement: SELECT COUNT(*) FROM users, parameters: None
[2025-07-14T04:01:38.527+0000] {sql.py:384} INFO - Rows affected: 1
[2025-07-14T04:01:38.703+0000] {data_quality.py:36} INFO - Data quality on table users check passed with 104 records
[2025-07-14T04:01:38.717+0000] {base.py:73} INFO - Using connection ID 'redshift' for task execution.
[2025-07-14T04:01:39.946+0000] {sql.py:375} INFO - Running statement: SELECT COUNT(*) FROM songs, parameters: None
[2025-07-14T04:01:40.306+0000] {sql.py:384} INFO - Rows affected: 1
[2025-07-14T04:01:40.476+0000] {data_quality.py:36} INFO - Data quality on table songs check passed with 24 records
[2025-07-14T04:01:40.482+0000] {base.py:73} INFO - Using connection ID 'redshift' for task execution.
[2025-07-14T04:01:41.787+0000] {sql.py:375} INFO - Running statement: SELECT COUNT(*) FROM artists, parameters: None
[2025-07-14T04:01:42.170+0000] {sql.py:384} INFO - Rows affected: 1
[2025-07-14T04:01:42.349+0000] {data_quality.py:36} INFO - Data quality on table artists check passed with 24 records
[2025-07-14T04:01:42.355+0000] {base.py:73} INFO - Using connection ID 'redshift' for task execution.
[2025-07-14T04:01:43.661+0000] {sql.py:375} INFO - Running statement: SELECT COUNT(*) FROM time, parameters: None
[2025-07-14T04:01:44.047+0000] {sql.py:384} INFO - Rows affected: 1
[2025-07-14T04:01:44.228+0000] {data_quality.py:36} INFO - Data quality on table time check passed with 6820 records
[2025-07-14T04:01:44.245+0000] {taskinstance.py:1373} INFO - Marking task as SUCCESS. dag_id=final_project, task_id=Run_data_quality_checks, execution_date=20250714T040056, start_date=20250714T040134, end_date=20250714T040144
[2025-07-14T04:01:44.289+0000] {local_task_job_runner.py:232} INFO - Task exited with return code 0
[2025-07-14T04:01:44.309+0000] {taskinstance.py:2674} INFO - 0 downstream tasks scheduled from follow-on schedule check
